csr1#sh run
Building configuration...

Current configuration : 7071 bytes
!
! Last configuration change at 20:49:09 UTC Tue Oct 12 2021
!
version 17.4
service timestamps debug datetime msec
service timestamps log datetime msec
service password-encryption
service call-home
platform qfp utilization monitor load 80
platform punt-keepalive disable-kernel-core
platform console serial
!
hostname csr1
!
boot-start-marker
boot-end-marker
!
!
vrf definition GS
 rd 100:100
 !
 address-family ipv4
 exit-address-family
!
logging persistent size 1000000 filesize 8192 immediate
!
aaa new-model
!
!
aaa authentication login default local
aaa authorization exec default local none 
!
!
!
!
!
!
aaa session-id common
!
!
!
!
!
!
!
!
!
!
login on-success log
!         
!
!
!
!
!
!
subscriber templating
!
multilink bundle-name authenticated
!
!
!
crypto pki trustpoint SLA-TrustPoint
 enrollment pkcs12
 revocation-check crl
!
crypto pki trustpoint TP-self-signed-2970523362
 enrollment selfsigned
 subject-name cn=IOS-Self-Signed-Certificate-2970523362
 revocation-check none
 rsakeypair TP-self-signed-2970523362
!
!
crypto pki certificate chain SLA-TrustPoint
 certificate ca 01
  30820321 30820209 A0030201 02020101 300D0609 2A864886 F70D0101 0B050030 
  32310E30 0C060355 040A1305 43697363 6F312030 1E060355 04031317 43697363 
  6F204C69 63656E73 696E6720 526F6F74 20434130 1E170D31 33303533 30313934 
  3834375A 170D3338 30353330 31393438 34375A30 32310E30 0C060355 040A1305 
  43697363 6F312030 1E060355 04031317 43697363 6F204C69 63656E73 696E6720 
  526F6F74 20434130 82012230 0D06092A 864886F7 0D010101 05000382 010F0030 
  82010A02 82010100 A6BCBD96 131E05F7 145EA72C 2CD686E6 17222EA1 F1EFF64D 
  CBB4C798 212AA147 C655D8D7 9471380D 8711441E 1AAF071A 9CAE6388 8A38E520 
  1C394D78 462EF239 C659F715 B98C0A59 5BBB5CBD 0CFEBEA3 700A8BF7 D8F256EE 
  4AA4E80D DB6FD1C9 60B1FD18 FFC69C96 6FA68957 A2617DE7 104FDC5F EA2956AC 
  7390A3EB 2B5436AD C847A2C5 DAB553EB 69A9A535 58E9F3E3 C0BD23CF 58BD7188 
  68E69491 20F320E7 948E71D7 AE3BCC84 F10684C7 4BC8E00F 539BA42B 42C68BB7 
  C7479096 B4CB2D62 EA2F505D C7B062A4 6811D95B E8250FC4 5D5D5FB8 8F27D191 
  C55F0D76 61F9A4CD 3D992327 A8BB03BD 4E6D7069 7CBADF8B DF5F4368 95135E44 
  DFC7C6CF 04DD7FD1 02030100 01A34230 40300E06 03551D0F 0101FF04 04030201 
  06300F06 03551D13 0101FF04 05300301 01FF301D 0603551D 0E041604 1449DC85 
  4B3D31E5 1B3E6A17 606AF333 3D3B4C73 E8300D06 092A8648 86F70D01 010B0500 
  03820101 00507F24 D3932A66 86025D9F E838AE5C 6D4DF6B0 49631C78 240DA905 
  604EDCDE FF4FED2B 77FC460E CD636FDB DD44681E 3A5673AB 9093D3B1 6C9E3D8B 
  D98987BF E40CBD9E 1AECA0C2 2189BB5C 8FA85686 CD98B646 5575B146 8DFC66A8 
  467A3DF4 4D565700 6ADF0F0D CF835015 3C04FF7C 21E878AC 11BA9CD2 55A9232C 
  7CA7B7E6 C1AF74F6 152E99B7 B1FCF9BB E973DE7F 5BDDEB86 C71E3B49 1765308B 
  5FB0DA06 B92AFE7F 494E8A9E 07B85737 F3A58BE1 1A48A229 C37C1E69 39F08678 
  80DDCD16 D6BACECA EEBC7CF9 8428787B 35202CDC 60E4616A B623CDBD 230E3AFB 
  418616A9 4093E049 4D10AB75 27E86F73 932E35B5 8862FDAE 0275156F 719BB2F0 
  D697DF7F 28
        quit
crypto pki certificate chain TP-self-signed-2970523362
 certificate self-signed 01
  30820330 30820218 A0030201 02020101 300D0609 2A864886 F70D0101 05050030 
  31312F30 2D060355 04031326 494F532D 53656C66 2D536967 6E65642D 43657274 
  69666963 6174652D 32393730 35323333 3632301E 170D3231 31303132 32303130 
  31395A17 0D333131 30313232 30313031 395A3031 312F302D 06035504 03132649 
  4F532D53 656C662D 5369676E 65642D43 65727469 66696361 74652D32 39373035 
  32333336 32308201 22300D06 092A8648 86F70D01 01010500 0382010F 00308201 
  0A028201 0100B192 67950600 7F5DDD19 0DEBB928 A7521E81 6C993BD4 5FE0220C 
  CB2E0318 22E56028 0DC739A6 8BC4A6EC 13796B5F D5D8A1D6 74EC4319 42C31987 
  79C425AB F30CD8C6 CF914BEA E7D59988 C4E4AB64 0375F724 0B21AC6A 279D4412 
  5AB3FFF4 601DC8F7 63C9E713 38C3DE82 DF70BD04 3FE169A2 8BD23C1C CF5B8D60 
  91923E30 972FF826 A4288D83 96B893F7 D94A078B 3A0B9DEF 89497CD5 29BED229 
  F18C690D 2CD017DB 6D408AF5 F66B36D0 9B02B5DA 505CEE98 1512B518 E660FC59 
  B59C18B1 BFC44316 2C1A2F07 1B1A1527 F1BA40C1 4C204A79 E31B2FA0 4A120A6F 
  9A858B9D 2472DC55 BE47EF13 BD87BDC7 5339CC83 379D47AD C29D81D0 9E4ABFCE 
  1A612791 EF590203 010001A3 53305130 0F060355 1D130101 FF040530 030101FF 
  301F0603 551D2304 18301680 141B0BC1 29251B09 72F3FED6 C3ADC490 FC0E0CB9 
  AF301D06 03551D0E 04160414 1B0BC129 251B0972 F3FED6C3 ADC490FC 0E0CB9AF 
  300D0609 2A864886 F70D0101 05050003 82010100 28509661 6903C632 EE2A5932 
  8F06FAB8 C5C6CF2A A2B45A30 742EB388 1CC36451 0A954F7B C7ADB445 52B1D4A7 
  59F5F2B3 3FF3B94D 86DCBF82 9E702289 5E187189 2A7892CE 46DF5657 01C4637E 
  81B3E6FC 483F78A0 96B8FDDA 1F57A11B 848F0F58 6B4A73DA E3EFB9D2 5C3D69BA 
  B0C67A49 024DCF69 7845DEB1 F49EC094 00F8AA74 5194F416 77EDF506 3FA3CFA0 
  B15C6068 A89E8A3E 34D5C4EF 1FB3BB4B 1EEDBAEB E0177AC2 4BEB05EF 4901A7E9 
  017E1723 B38A0C68 33BF287C A3E74EDF 270798DC 75B42B4A 06281085 9E315337 
  52D50A92 E3DE1704 40973CF2 AB4C6BDA 232B7220 AA06A522 D4D2713B A806BB57 
  4F53EB6F ECC90116 E5CF16D8 9E01379D B3964142
        quit
!
license udi pid C8000V sn 9TQGN7QFCNC
diagnostic bootup level minimal
memory free low-watermark processor 69173
!
!
username azureuser privilege 15 secret 9 $9$2ifrrkw4spRMMU$ApTzAscX86onMxLLkMNo7jTHA3T8Pc.MeiJd5NVKhNQ
!
redundancy
!
!
!
!
!
!
!
!
!
interface Loopback0
 ip address 10.0.0.1 255.255.255.255
!         
interface VirtualPortGroup0
 vrf forwarding GS
 ip address 192.168.35.101 255.255.255.0
 ip nat inside
!
interface GigabitEthernet1
 ip address dhcp
 ip nat outside
 negotiation auto
!
interface GigabitEthernet2
 ip address dhcp
 negotiation auto
!
router bgp 65001
 bgp log-neighbor-changes
 network 10.0.0.1 mask 255.255.255.255
 neighbor 10.255.3.4 remote-as 65001
 neighbor 10.255.3.4 next-hop-self
!
iox
ip forward-protocol nd
ip tcp window-size 8192
ip http server
ip http secure-server
!
ip nat inside source list GS_NAT_ACL interface GigabitEthernet1 vrf GS overload
ip route 0.0.0.0 0.0.0.0 10.255.0.1
ip route 10.255.0.3 255.255.255.255 10.255.0.1
ip route vrf GS 0.0.0.0 0.0.0.0 GigabitEthernet1 10.255.0.1 global
ip ssh rsa keypair-name ssh-key
ip ssh version 2
ip ssh server algorithm publickey ecdsa-sha2-nistp256 ecdsa-sha2-nistp384 ecdsa-sha2-nistp521 ssh-rsa x509v3-ecdsa-sha2-nistp256 x509v3-ecdsa-sha2-nistp384 x509v3-ecdsa-sha2-nistp521
ip scp server enable
!
ip access-list standard GS_NAT_ACL
 10 permit 192.168.35.0 0.0.0.255
!
!
!
!
!
!
!
control-plane
!
!
line con 0
 stopbits 1
line aux 0
line vty 0 4
 transport input ssh
line vty 5 20
 transport input ssh
!
call-home
 ! If contact email address in call-home is configured as sch-smart-licensing@cisco.com
 ! the email address configured in Cisco Smart License Portal will be used as contact email address to send SCH notifications.
 contact-email-addr sch-smart-licensing@cisco.com
 profile "CiscoTAC-1"
  active
  destination transport-method http
!
!
!
!
!
!
app-hosting appid guestshell
 app-vnic gateway1 virtualportgroup 0 guest-interface 0
  guest-ipaddress 192.168.35.102 netmask 255.255.255.0
 app-default-gateway 192.168.35.101 guest-interface 0
 name-server0 8.8.8.8
end

