csr2#sh run
Building configuration...

Current configuration : 7071 bytes
!
! Last configuration change at 20:49:08 UTC Tue Oct 12 2021
!
version 17.4
service timestamps debug datetime msec
service timestamps log datetime msec
service password-encryption
service call-home
platform qfp utilization monitor load 80
platform punt-keepalive disable-kernel-core
platform console serial
!
hostname csr2
!
boot-start-marker
boot-end-marker
!
!
vrf definition GS
 rd 100:100
 !
 address-family ipv4
 exit-address-family
!
logging persistent size 1000000 filesize 8192 immediate
!
aaa new-model
!
!
aaa authentication login default local
aaa authorization exec default local none 
!
!
!
!
!
!
aaa session-id common
!
!
!
!
!
!
!
!
!
!
login on-success log
!         
!
!
!
!
!
!
subscriber templating
!
multilink bundle-name authenticated
!
!
!
crypto pki trustpoint SLA-TrustPoint
 enrollment pkcs12
 revocation-check crl
!
crypto pki trustpoint TP-self-signed-3279813806
 enrollment selfsigned
 subject-name cn=IOS-Self-Signed-Certificate-3279813806
 revocation-check none
 rsakeypair TP-self-signed-3279813806
!
!
crypto pki certificate chain SLA-TrustPoint
 certificate ca 01
  30820321 30820209 A0030201 02020101 300D0609 2A864886 F70D0101 0B050030 
  32310E30 0C060355 040A1305 43697363 6F312030 1E060355 04031317 43697363 
  6F204C69 63656E73 696E6720 526F6F74 20434130 1E170D31 33303533 30313934 
  3834375A 170D3338 30353330 31393438 34375A30 32310E30 0C060355 040A1305 
  43697363 6F312030 1E060355 04031317 43697363 6F204C69 63656E73 696E6720 
  526F6F74 20434130 82012230 0D06092A 864886F7 0D010101 05000382 010F0030 
  82010A02 82010100 A6BCBD96 131E05F7 145EA72C 2CD686E6 17222EA1 F1EFF64D 
  CBB4C798 212AA147 C655D8D7 9471380D 8711441E 1AAF071A 9CAE6388 8A38E520 
  1C394D78 462EF239 C659F715 B98C0A59 5BBB5CBD 0CFEBEA3 700A8BF7 D8F256EE 
  4AA4E80D DB6FD1C9 60B1FD18 FFC69C96 6FA68957 A2617DE7 104FDC5F EA2956AC 
  7390A3EB 2B5436AD C847A2C5 DAB553EB 69A9A535 58E9F3E3 C0BD23CF 58BD7188 
  68E69491 20F320E7 948E71D7 AE3BCC84 F10684C7 4BC8E00F 539BA42B 42C68BB7 
  C7479096 B4CB2D62 EA2F505D C7B062A4 6811D95B E8250FC4 5D5D5FB8 8F27D191 
  C55F0D76 61F9A4CD 3D992327 A8BB03BD 4E6D7069 7CBADF8B DF5F4368 95135E44 
  DFC7C6CF 04DD7FD1 02030100 01A34230 40300E06 03551D0F 0101FF04 04030201 
  06300F06 03551D13 0101FF04 05300301 01FF301D 0603551D 0E041604 1449DC85 
  4B3D31E5 1B3E6A17 606AF333 3D3B4C73 E8300D06 092A8648 86F70D01 010B0500 
  03820101 00507F24 D3932A66 86025D9F E838AE5C 6D4DF6B0 49631C78 240DA905 
  604EDCDE FF4FED2B 77FC460E CD636FDB DD44681E 3A5673AB 9093D3B1 6C9E3D8B 
  D98987BF E40CBD9E 1AECA0C2 2189BB5C 8FA85686 CD98B646 5575B146 8DFC66A8 
  467A3DF4 4D565700 6ADF0F0D CF835015 3C04FF7C 21E878AC 11BA9CD2 55A9232C 
  7CA7B7E6 C1AF74F6 152E99B7 B1FCF9BB E973DE7F 5BDDEB86 C71E3B49 1765308B 
  5FB0DA06 B92AFE7F 494E8A9E 07B85737 F3A58BE1 1A48A229 C37C1E69 39F08678 
  80DDCD16 D6BACECA EEBC7CF9 8428787B 35202CDC 60E4616A B623CDBD 230E3AFB 
  418616A9 4093E049 4D10AB75 27E86F73 932E35B5 8862FDAE 0275156F 719BB2F0 
  D697DF7F 28
        quit
crypto pki certificate chain TP-self-signed-3279813806
 certificate self-signed 01
  30820330 30820218 A0030201 02020101 300D0609 2A864886 F70D0101 05050030 
  31312F30 2D060355 04031326 494F532D 53656C66 2D536967 6E65642D 43657274 
  69666963 6174652D 33323739 38313338 3036301E 170D3231 31303132 32303038 
  34375A17 0D333131 30313232 30303834 375A3031 312F302D 06035504 03132649 
  4F532D53 656C662D 5369676E 65642D43 65727469 66696361 74652D33 32373938 
  31333830 36308201 22300D06 092A8648 86F70D01 01010500 0382010F 00308201 
  0A028201 0100EDB1 CB5D1E54 E2AAE778 C3A28B0F EAC36D40 E2D21039 40572BB5 
  ABCF28E9 7D1398E4 374140E0 7E4BE7F2 C1B7AC4B EB5737CA 2909CB07 1B5DB05B 
  45F579CF 6466A412 055A8390 05F6E67E 8810A67B B6C5BA03 24055C90 79F92935 
  A226846D 846DE8FB 423A2FA9 5F04D1D9 66CF0115 165B13B3 BEBC4DCF 8279B931 
  562EF3FC 1D284DFB 67F99708 D04B111D 3C6E5899 651F1855 D4C81AF4 5D53717D 
  7824A401 8126BEF5 5E13AE51 40E6A567 8A0D7801 7393DB19 DC4F3C2B 2803B68C 
  6CF3B2E5 21364E86 61E9538F 81BC9A0B A8EEACCF 87BD9978 58E285F7 312CFF23 
  A884D369 35D59F52 9D02FE9C AFA6DFA8 5665C825 A28DD4E9 6D915D7D 8CC10A43 
  B7A6EC3D 79B50203 010001A3 53305130 0F060355 1D130101 FF040530 030101FF 
  301F0603 551D2304 18301680 14E4C03A DE42C0F0 C78508F5 AA90A05E 5E271DFA 
  AE301D06 03551D0E 04160414 E4C03ADE 42C0F0C7 8508F5AA 90A05E5E 271DFAAE 
  300D0609 2A864886 F70D0101 05050003 82010100 9C8B12A6 3743DD41 357659CF 
  8B05DEF1 F3BAF0EA 68F9C74B F8E11B04 1DE2D4E5 DD379081 B77373D2 E2066B7F 
  D32F7345 E91DB823 F639B2A1 6ECB9D1F DEE8E121 B6D0ED6C 5D81EE8A AB415337 
  CF6FE426 C006C4EA 081E98EC 59AE4D57 CB43785F BB909B58 A8619B0D 537E138B 
  54C0EE9A 926324A3 F930B1F2 8380C73D 95993E1C 0D6FE7F8 95B320D4 6B382C7C 
  100C11CE 21F274E7 E632A191 E58964F3 31FBECE4 C38F067A FCDA5696 B9BE5593 
  4CB4DF4C AA4AAF7B FE4E8509 39089E09 AA4D9A14 DDB92D5C E7ADD4BC 7FDEC8CB 
  42A6598A 6BE0464F 024CA263 D7879151 B5AF21C8 D092091B E746B593 F159C520 
  DD053FF2 57BD200C 279046BD 4E1D00B0 A29E68DC
        quit
!
license udi pid C8000V sn 9N1KL3NK6NT
diagnostic bootup level minimal
memory free low-watermark processor 69173
!
!
username azureuser privilege 15 secret 9 $9$RloipPG9ZmIvYk$z4Q.T92y0QIIu5O8ggFOXdcCTTLyRkX6DCx8g/BNhpw
!
redundancy
!
!
!
!
!
!
!
!
!
interface Loopback0
 ip address 10.0.0.2 255.255.255.255
!         
interface VirtualPortGroup0
 vrf forwarding GS
 ip address 192.168.35.101 255.255.255.0
 ip nat inside
!
interface GigabitEthernet1
 ip address dhcp
 ip nat outside
 negotiation auto
!
interface GigabitEthernet2
 ip address dhcp
 negotiation auto
!
router bgp 65001
 bgp log-neighbor-changes
 network 10.0.0.2 mask 255.255.255.255
 neighbor 10.255.0.4 remote-as 65001
 neighbor 10.255.0.4 next-hop-self
!
iox
ip forward-protocol nd
ip tcp window-size 8192
ip http server
ip http secure-server
!
ip nat inside source list GS_NAT_ACL interface GigabitEthernet1 vrf GS overload
ip route 0.0.0.0 0.0.0.0 10.255.2.1
ip route 10.255.0.4 255.255.255.255 10.255.3.1
ip route vrf GS 0.0.0.0 0.0.0.0 GigabitEthernet1 10.255.2.1 global
ip ssh rsa keypair-name ssh-key
ip ssh version 2
ip ssh server algorithm publickey ecdsa-sha2-nistp256 ecdsa-sha2-nistp384 ecdsa-sha2-nistp521 ssh-rsa x509v3-ecdsa-sha2-nistp256 x509v3-ecdsa-sha2-nistp384 x509v3-ecdsa-sha2-nistp521
ip scp server enable
!
ip access-list standard GS_NAT_ACL
 10 permit 192.168.35.0 0.0.0.255
!
!
!
!
!
!
!
control-plane
!
!
line con 0
 stopbits 1
line aux 0
line vty 0 4
 transport input ssh
line vty 5 20
 transport input ssh
!
call-home
 ! If contact email address in call-home is configured as sch-smart-licensing@cisco.com
 ! the email address configured in Cisco Smart License Portal will be used as contact email address to send SCH notifications.
 contact-email-addr sch-smart-licensing@cisco.com
 profile "CiscoTAC-1"
  active
  destination transport-method http
!
!
!
!
!
!
app-hosting appid guestshell
 app-vnic gateway1 virtualportgroup 0 guest-interface 0
  guest-ipaddress 192.168.35.102 netmask 255.255.255.0
 app-default-gateway 192.168.35.101 guest-interface 0
 name-server0 8.8.8.8
end

