Internet-r4#sh run
Building configuration...

Current configuration : 3719 bytes
!
version 15.7
service timestamps debug datetime msec
service timestamps log datetime msec
no service password-encryption
!
hostname Internet-r4
!
boot-start-marker
boot-end-marker
!
!
!
no aaa new-model
!
!
!
mmi polling-interval 60
no mmi auto-configure
no mmi pvc
mmi snmp-timeout 180
!         
!
!
!
!
!
!
!
ip vrf internet
 rd 200:1
!
ip vrf microsoft-peering
 rd 20:1
!
ip vrf microsoft-peeringo
!
!
!
!
no ip domain lookup
ip cef
no ipv6 cef
!
multilink bundle-name authenticated
!
!
!
!
!
redundancy
!
!
! 
!
!
!
!
!
!
!
!
!
!
!
!
interface Loopback0
 ip vrf forwarding internet
 ip address 4.4.4.4 255.255.255.255
!
interface GigabitEthernet0/0
 ip vrf forwarding internet
 ip address 200.200.200.2 255.255.255.0
 duplex auto
 speed auto
 media-type rj45
!
interface GigabitEthernet0/1
 ip vrf forwarding internet
 ip address 47.47.47.1 255.255.255.0
 duplex auto
 speed auto
 media-type rj45
!
interface GigabitEthernet0/2
 no ip address
 shutdown
 duplex auto
 speed auto
 media-type rj45
!         
interface GigabitEthernet0/3
 no ip address
 shutdown
 duplex auto
 speed auto
 media-type rj45
!
router bgp 400
 bgp log-neighbor-changes
 !
 address-family ipv4 vrf internet
  bgp router-id 4.4.4.4
  network 47.47.47.0 mask 255.255.255.0
  aggregate-address 100.100.0.0 255.255.0.0 summary-only
  redistribute static
  neighbor 47.47.47.2 remote-as 8075
  neighbor 47.47.47.2 activate
  neighbor 47.47.47.2 soft-reconfiguration inbound
  neighbor 200.200.200.1 remote-as 200
  neighbor 200.200.200.1 activate
  neighbor 200.200.200.1 soft-reconfiguration inbound
  default-information originate
 exit-address-family
!
ip forward-protocol nd
!
!
no ip http server
no ip http secure-server
ip route vrf internet 0.0.0.0 0.0.0.0 Null0
!
ipv6 ioam timestamp
!
!
!
control-plane
!
banner exec ^C
**************************************************************************
* IOSv is strictly limited to use for evaluation, demonstration and IOS  *
* education. IOSv is provided as-is and is not supported by Cisco's      *
* Technical Advisory Center. Any use or disclosure, in whole or in part, *
* of the IOSv Software or Documentation to any third party for any       *
* purposes is expressly prohibited except as otherwise authorized by     *
* Cisco in writing.                                                      *
**************************************************************************^C
banner incoming ^C
**************************************************************************
* IOSv is strictly limited to use for evaluation, demonstration and IOS  *
* education. IOSv is provided as-is and is not supported by Cisco's      *
* Technical Advisory Center. Any use or disclosure, in whole or in part, *
* of the IOSv Software or Documentation to any third party for any       *
* purposes is expressly prohibited except as otherwise authorized by     *
* Cisco in writing.                                                      *
**************************************************************************^C
banner login ^C
**************************************************************************
* IOSv is strictly limited to use for evaluation, demonstration and IOS  *
* education. IOSv is provided as-is and is not supported by Cisco's      *
* Technical Advisory Center. Any use or disclosure, in whole or in part, *
* of the IOSv Software or Documentation to any third party for any       *
* purposes is expressly prohibited except as otherwise authorized by     *
* Cisco in writing.                                                      *
**************************************************************************^C
!
line con 0
line aux 0
line vty 0 4
 login    
 transport input none
!
no scheduler allocate
!
end

