MSEE1#sh run
Building configuration...

Current configuration : 3296 bytes
!
! Last configuration change at 18:03:18 UTC Wed Oct 7 2020
!
version 15.7
service timestamps debug datetime msec
service timestamps log datetime msec
no service password-encryption
!
hostname MSEE1
!
boot-start-marker
boot-end-marker
!
!
!
no aaa new-model
!
!
!
mmi polling-interval 60
no mmi auto-configure
no mmi pvc
mmi snmp-timeout 180
!
!
!
!
!
!
!
!
!
!
!
ip cef
no ipv6 cef
!
multilink bundle-name authenticated
!
!
!
!
!
redundancy
!         
!
! 
!
!
!
!
!
!
!
!
!
!
!
!
interface GigabitEthernet0/0
 description Expressroute
 no ip address
 duplex auto
 speed auto
 media-type rj45
!
interface GigabitEthernet0/0.100
 description private peering path A S-tag 1000 C-tag 100
 encapsulation dot1Q 1000 second-dot1q 100
 ip address 172.16.1.2 255.255.255.252
!
interface GigabitEthernet0/1
 ip address 10.0.24.2 255.255.255.0
 duplex auto
 speed auto
 media-type rj45
!
interface GigabitEthernet0/2
 no ip address
 shutdown
 duplex auto
 speed auto
 media-type rj45
!
interface GigabitEthernet0/3
 no ip address
 shutdown
 duplex auto
 speed auto
 media-type rj45
!         
router bgp 12076
 bgp log-neighbor-changes
 neighbor 10.0.24.4 remote-as 65515
 neighbor 172.16.1.1 remote-as 65001
 neighbor 172.16.1.1 soft-reconfiguration inbound
!
ip forward-protocol nd
!
!
no ip http server
no ip http secure-server
!
ipv6 ioam timestamp
!
!
!
control-plane
!
