R1#sh run
Building configuration...

Current configuration : 3575 bytes
!
! Last configuration change at 19:53:19 UTC Wed Oct 7 2020
!
version 15.7
service timestamps debug datetime msec
service timestamps log datetime msec
no service password-encryption
!
hostname R1
!
boot-start-marker
boot-end-marker
!
!
!
no aaa new-model
!
!
!
mmi polling-interval 60
no mmi auto-configure
no mmi pvc
mmi snmp-timeout 180
!
!
!
!
!
!
!
!
!
!
!
ip cef
no ipv6 cef
!
multilink bundle-name authenticated
!
!
!
!
!
redundancy
!         
!
! 
!
!
!
!
!
!
!
!
!
!
!
!
interface Loopback0
 ip address 1.1.1.1 255.255.255.255
!
interface GigabitEthernet0/0
 no ip address
 duplex auto
 speed auto
 media-type rj45
!         
interface GigabitEthernet0/0.100
 description Expressroute Path A
 encapsulation dot1Q 100
 ip address 172.16.1.1 255.255.255.252
!
interface GigabitEthernet0/1
 no ip address
 duplex auto
 speed auto
 media-type rj45
!
interface GigabitEthernet0/1.100
 description Expressroute Path B
 encapsulation dot1Q 100
 ip address 172.16.2.1 255.255.255.252
!
interface GigabitEthernet0/2
 no ip address
 shutdown
 duplex auto
 speed auto
 media-type rj45
!         
interface GigabitEthernet0/3
 no ip address
 shutdown
 duplex auto
 speed auto
 media-type rj45
!
router bgp 65001
 bgp router-id 1.1.1.1
 bgp log-neighbor-changes
 network 1.1.1.1 mask 255.255.255.255
 network 10.0.0.0
 neighbor 172.16.1.2 remote-as 12076
 neighbor 172.16.1.2 soft-reconfiguration inbound
 neighbor 172.16.2.2 remote-as 12076
 neighbor 172.16.2.2 soft-reconfiguration inbound
 maximum-paths 2
!
ip forward-protocol nd
!
!
no ip http server
no ip http secure-server
ip route 10.0.0.0 255.0.0.0 Null0
!
ipv6 ioam timestamp
!
!
!
control-plane
!
