SW1#sh vlan

VLAN Name                             Status    Ports
---- -------------------------------- --------- -------------------------------
1    default                          active    Gi0/2, Gi0/3
1000 VLAN1000                         active    Gi0/0
1002 fddi-default                     act/unsup 
1003 token-ring-default               act/unsup 
1004 fddinet-default                  act/unsup 
1005 trnet-default                    act/unsup 

VLAN Type  SAID       MTU   Parent RingNo BridgeNo Stp  BrdgMode Trans1 Trans2
---- ----- ---------- ----- ------ ------ -------- ---- -------- ------ ------
1    enet  100001     1500  -      -      -        -    -        0      0   
1000 enet  101000     1500  -      -      -        -    -        0      0   
1002 fddi  101002     1500  -      -      -        -    -        0      0   
1003 tr    101003     1500  -      -      -        -    -        0      0   
1004 fdnet 101004     1500  -      -      -        ieee -        0      0   
1005 trnet 101005     1500  -      -      -        ibm  -        0      0   

Remote SPAN VLANs
------------------------------------------------------------------------------


Primary Secondary Type              Ports
------- --------- ----------------- ------------------------------------------



SW1#sh run
Building configuration...

Current configuration : 2826 bytes
!
! Last configuration change at 18:02:58 UTC Wed Oct 7 2020
!
version 15.2
service timestamps debug datetime msec
service timestamps log datetime msec
no service password-encryption
service compress-config
!
hostname SW1
!
boot-start-marker
boot-end-marker
!
!
!
no aaa new-model
!
!
!
!
!         
!
!
!
ip cef
no ipv6 cef
!
!
!
spanning-tree mode pvst
spanning-tree extend system-id
!
vlan internal allocation policy ascending
!
! 
!
!
!
!
!
!
!
!
!         
!
!
!
interface GigabitEthernet0/0
 switchport access vlan 1000
 switchport mode dot1q-tunnel
 media-type rj45
 negotiation auto
!
interface GigabitEthernet0/1
 switchport trunk encapsulation dot1q
 switchport mode trunk
 media-type rj45
 negotiation auto
!
interface GigabitEthernet0/2
 media-type rj45
 negotiation auto
!
interface GigabitEthernet0/3
 media-type rj45
 negotiation auto
!         
ip forward-protocol nd
!
no ip http server
no ip http secure-server
!
!
!
!
!
!
control-plane
!

