VNET#sh run
Building configuration...

Current configuration : 3318 bytes
!
! Last configuration change at 18:16:40 UTC Wed Oct 7 2020
!
version 15.7
service timestamps debug datetime msec
service timestamps log datetime msec
no service password-encryption
!
hostname VNET
!
boot-start-marker
boot-end-marker
!
!
!
no aaa new-model
!
!
!
mmi polling-interval 60
no mmi auto-configure
no mmi pvc
mmi snmp-timeout 180
!
!
!
!
!
!
!
!
!
!
!
ip cef
no ipv6 cef
!
multilink bundle-name authenticated
!
!
!
!
!
redundancy
!         
!
! 
!
!
!
!
!
!
!
!
!
!
!
!
interface Loopback0
 ip address 10.10.10.10 255.255.255.0
!
interface GigabitEthernet0/0
 ip address 10.0.24.4 255.255.255.0
 duplex auto
 speed auto
 media-type rj45
!         
interface GigabitEthernet0/1
 ip address 10.0.34.4 255.255.255.0
 duplex auto
 speed auto
 media-type rj45
!
interface GigabitEthernet0/2
 no ip address
 shutdown
 duplex auto
 speed auto
 media-type rj45
!
interface GigabitEthernet0/3
 no ip address
 shutdown
 duplex auto
 speed auto
 media-type rj45
!
router bgp 65515
 bgp log-neighbor-changes
 network 10.10.10.0 mask 255.255.255.0
 neighbor 10.0.24.2 remote-as 12076
 neighbor 10.0.24.2 prefix-list filter out
 neighbor 10.0.34.3 remote-as 12076
 neighbor 10.0.34.3 prefix-list filter out
 maximum-paths 2
!
ip forward-protocol nd
!
!
no ip http server
no ip http secure-server
!
!
ip prefix-list filter seq 5 permit 10.10.10.0/24
ipv6 ioam timestamp
!
!
!
control-plane
!

