CSR1#sh run
Building configuration...

Current configuration : 2319 bytes
!
! Last configuration change at 20:24:03 UTC Tue Oct 6 2020
!
version 16.6
service timestamps debug datetime msec
service timestamps log datetime msec
platform qfp utilization monitor load 80
no platform punt-keepalive disable-kernel-core
platform console serial
!
hostname CSR1
!
boot-start-marker
boot-end-marker
!
!
!
no aaa new-model
!
!
!
!         
!
!
!
!
!
!
!
!
!
!
!
!
!
!
!
subscriber templating
! 
! 
! 
! 
!
!
!         
multilink bundle-name authenticated
!
!
!
!
!
!
!
!
!
!
!
!
!
!
!
license udi pid CSR1000V sn 936EF3KUNKP
diagnostic bootup level minimal
spanning-tree extend system-id
!
!
!
!         
redundancy
!
!
!
!
!
!
! 
!
!
!
!
!
!
!
!
!
!
!
!
! 
! 
!         
!
interface Loopback0
 ip address 1.1.1.1 255.255.255.255
!
interface GigabitEthernet1
 description Expressroute
 no ip address
 negotiation auto
 dot1q tunneling ethertype 0x9100
 no mop enabled
 no mop sysid
!
interface GigabitEthernet1.100
 description private peering path A S-tag 1000 C-tag 100
 encapsulation dot1Q 1000 second-dot1q 100
 ip address 172.16.1.1 255.255.255.252
!
interface GigabitEthernet2
 description Expressroute
 no ip address
 negotiation auto
 dot1q tunneling ethertype 0x9100
 no mop enabled
 no mop sysid
!
interface GigabitEthernet2.100
 description private peering physical path B S-tag 200 C-tag 100
 encapsulation dot1Q 1000 second-dot1q 100
 ip address 172.16.2.1 255.255.255.252
!
interface GigabitEthernet3
 no ip address
 shutdown
 negotiation auto
 no mop enabled
 no mop sysid
!
interface GigabitEthernet4
 no ip address
 shutdown
 negotiation auto
 no mop enabled
 no mop sysid
!
router bgp 65001
 bgp router-id 1.1.1.1
 bgp log-neighbor-changes
 network 1.1.1.1 mask 255.255.255.255
 network 10.0.0.0
 neighbor 172.16.1.2 remote-as 12076
 neighbor 172.16.1.2 soft-reconfiguration inbound
 neighbor 172.16.2.2 remote-as 12076
 neighbor 172.16.2.2 soft-reconfiguration inbound
 maximum-paths 2
!
!
virtual-service csr_mgmt
!
ip forward-protocol nd
ip http server
ip http authentication local
ip http secure-server
ip route 10.0.0.0 255.0.0.0 Null0
!
ip ssh server algorithm encryption aes128-ctr aes192-ctr aes256-ctr
ip ssh client algorithm encryption aes128-ctr aes192-ctr aes256-ctr
!
!
!         
!
!
control-plane
!
!
!
!
!
!
line con 0
 stopbits 1
line vty 0
 login
line vty 1
 login
 length 0
line vty 2 4
 login
!
!
!
!
!         
!
end

