SW2#sh  vlan

VLAN Name                             Status    Ports
---- -------------------------------- --------- -------------------------------
1    default                          active    Gi0/1, Gi0/2, Gi0/3, Gi1/0
                                                Gi1/1, Gi1/2, Gi1/3, Gi2/0
                                                Gi2/1, Gi2/2, Gi2/3, Gi3/0
                                                Gi3/1, Gi3/2, Gi3/3
1000 VLAN1000                         active    
1002 fddi-default                     act/unsup 
1003 token-ring-default               act/unsup 
1004 fddinet-default                  act/unsup 
1005 trnet-default                    act/unsup 

VLAN Type  SAID       MTU   Parent RingNo BridgeNo Stp  BrdgMode Trans1 Trans2
---- ----- ---------- ----- ------ ------ -------- ---- -------- ------ ------
1    enet  100001     1500  -      -      -        -    -        0      0   
1000 enet  101000     1500  -      -      -        -    -        0      0   
1002 fddi  101002     1500  -      -      -        -    -        0      0   
1003 tr    101003     1500  -      -      -        -    -        0      0   
1004 fdnet 101004     1500  -      -      -        ieee -        0      0   
1005 trnet 101005     1500  -      -      -        ibm  -        0      0   

Remote SPAN VLANs
------------------------------------------------------------------------------


Primary Secondary Type              Ports
------- --------- ----------------- ------------------------------------------

SW2# sh run
Building configuration...

Current configuration : 3416 bytes
!
! Last configuration change at 20:09:27 UTC Tue Oct 6 2020
!
version 15.2
service timestamps debug datetime msec
service timestamps log datetime msec
no service password-encryption
service compress-config
!
hostname SW2
!
boot-start-marker
boot-end-marker
!
!
!
no aaa new-model
!
!
!
!
!         
!
!
!
ip cef
no ipv6 cef
!
!
!
spanning-tree mode pvst
spanning-tree extend system-id
!
!
! 
!
!
!
!
!
!
!
!
!
!         
!
!
interface GigabitEthernet0/0
 switchport trunk encapsulation dot1q
 switchport mode trunk
 negotiation auto
!
interface GigabitEthernet0/1
 negotiation auto
!
interface GigabitEthernet0/2
 negotiation auto
!
interface GigabitEthernet0/3
 negotiation auto
!
interface GigabitEthernet1/0
 negotiation auto
!
interface GigabitEthernet1/1
 switchport trunk encapsulation dot1q
 switchport mode trunk
 negotiation auto
!
interface GigabitEthernet1/2
 negotiation auto
!
interface GigabitEthernet1/3
 negotiation auto
!
interface GigabitEthernet2/0
 negotiation auto
!
interface GigabitEthernet2/1
 negotiation auto
!
interface GigabitEthernet2/2
 negotiation auto
!
interface GigabitEthernet2/3
 negotiation auto
!
interface GigabitEthernet3/0
 negotiation auto
!
interface GigabitEthernet3/1
 negotiation auto
!
interface GigabitEthernet3/2
 negotiation auto
!
interface GigabitEthernet3/3
 negotiation auto
!
ip forward-protocol nd
!
ip http server
!
ip ssh server algorithm encryption aes128-ctr aes192-ctr aes256-ctr
ip ssh client algorithm encryption aes128-ctr aes192-ctr aes256-ctr
!
!
!
!
!
!
control-plane
!
banner exec ^C
**************************************************************************
* IOSv is strictly limited to use for evaluation, demonstration and IOS  *
* education. IOSv is provided as-is and is not supported by Cisco's      *
* Technical Advisory Center. Any use or disclosure, in whole or in part, *
* of the IOSv Software or Documentation to any third party for any       *
* purposes is expressly prohibited except as otherwise authorized by     *
* Cisco in writing.                                                      *
**************************************************************************^C
banner incoming ^C
**************************************************************************
* IOSv is strictly limited to use for evaluation, demonstration and IOS  *
* education. IOSv is provided as-is and is not supported by Cisco's      *
* Technical Advisory Center. Any use or disclosure, in whole or in part, *
* of the IOSv Software or Documentation to any third party for any       *
* purposes is expressly prohibited except as otherwise authorized by     *
* Cisco in writing.                                                      *
**************************************************************************^C
banner login ^C
**************************************************************************
* IOSv is strictly limited to use for evaluation, demonstration and IOS  *
* education. IOSv is provided as-is and is not supported by Cisco's      *
* Technical Advisory Center. Any use or disclosure, in whole or in part, *
* of the IOSv Software or Documentation to any third party for any       *
* purposes is expressly prohibited except as otherwise authorized by     *
* Cisco in writing.                                                      *
**************************************************************************^C
!
line con 0
line aux 0
line vty 0 4
!
!
end

