vnet#sh run
Building configuration...

Current configuration : 3692 bytes
!
! Last configuration change at 15:22:31 UTC Fri Nov 13 2020
!
version 15.7
service timestamps debug datetime msec
service timestamps log datetime msec
no service password-encryption
!
hostname vnet
!
boot-start-marker
boot-end-marker
!
!
!
no aaa new-model
!
!
!
mmi polling-interval 60
no mmi auto-configure
no mmi pvc
mmi snmp-timeout 180
!
!
!
!
!
!
!
!
!
!
!
no ip domain lookup
ip cef
no ipv6 cef
!
multilink bundle-name authenticated
!
!
!
!
!
redundancy
!
!
! 
!
!
!
!
!
!
!
!
!
!
!
!
interface Loopback0
 ip address 10.100.100.1 255.255.255.0
!
interface GigabitEthernet0/0
 ip address 10.1.24.4 255.255.255.0
 duplex auto
 speed auto
 media-type rj45
!
interface GigabitEthernet0/1
 ip address 10.1.34.4 255.255.255.0
 duplex auto
 speed auto
 media-type rj45
!
interface GigabitEthernet0/2
 no ip address
 shutdown
 duplex auto
 speed auto
 media-type rj45
!
interface GigabitEthernet0/3
 no ip address
 shutdown
 duplex auto
 speed auto
 media-type rj45
!
router bgp 65515
 bgp log-neighbor-changes
 network 10.100.100.0 mask 255.255.255.0
 neighbor 10.1.24.2 remote-as 12076
 neighbor 10.1.24.2 send-community both
 neighbor 10.1.24.2 soft-reconfiguration inbound
 neighbor 10.1.24.2 route-map send-community out
 neighbor 10.1.34.3 remote-as 12076
 neighbor 10.1.34.3 send-community both
 neighbor 10.1.34.3 soft-reconfiguration inbound
 neighbor 10.1.34.3 route-map send-community out
!
ip forward-protocol nd
!
ip bgp-community new-format
!
no ip http server
no ip http secure-server
!
ipv6 ioam timestamp
!
route-map send-community permit 10
 match ip address 1
 set community 100:100
!         
route-map send-community permit 20
!
!
access-list 1 permit 10.100.100.0 0.0.0.255
!
control-plane
!
banner exec ^C
**************************************************************************
* IOSv is strictly limited to use for evaluation, demonstration and IOS  *
* education. IOSv is provided as-is and is not supported by Cisco's      *
* Technical Advisory Center. Any use or disclosure, in whole or in part, *
* of the IOSv Software or Documentation to any third party for any       *
* purposes is expressly prohibited except as otherwise authorized by     *
* Cisco in writing.                                                      *
**************************************************************************^C
banner incoming ^C
**************************************************************************
* IOSv is strictly limited to use for evaluation, demonstration and IOS  *
* education. IOSv is provided as-is and is not supported by Cisco's      *
* Technical Advisory Center. Any use or disclosure, in whole or in part, *
* of the IOSv Software or Documentation to any third party for any       *
* purposes is expressly prohibited except as otherwise authorized by     *
* Cisco in writing.                                                      *
**************************************************************************^C
banner login ^C
**************************************************************************
* IOSv is strictly limited to use for evaluation, demonstration and IOS  *
* education. IOSv is provided as-is and is not supported by Cisco's      *
* Technical Advisory Center. Any use or disclosure, in whole or in part, *
* of the IOSv Software or Documentation to any third party for any       *
* purposes is expressly prohibited except as otherwise authorized by     *
* Cisco in writing.                                                      *
**************************************************************************^C
!
line con 0
 exec-timeout 0 0
 logging synchronous
line aux 0
line vty 0 4
 login
 transport input none
!
no scheduler allocate
!
end       

